2025-09-05 02:00:02 INFO [electron]   "init store"
2025-09-05 02:00:02 INFO [electron]   "init request"
2025-09-05 02:00:02 INFO [electron]   "init i18n"
2025-09-05 02:00:02 INFO [electron]   "timezone America/Toronto"
2025-09-05 02:00:02 INFO [electron]   {"updater":{"downloadUrl":"https://appest-public.s3.amazonaws.com/download/linux/","delay":2000,"interval":600000},"apk_version":"6.0.40","product_mode":true,"package_mode":false,"is_cn_site":false,"cdn_domain":"d107mjio2rjf74.cloudfront.net/web","site_domain":"ticktick.com","ex_api_domain":"ext.ticktick.com","api_domain":"api.ticktick.com","cookie_domain":".ticktick.com","protocol":"https://","help_domain":"help.ticktick.com","support_api_domain":"ticket.ticktick.com","deploy_path":"/task/src/main/webapp/static/deploy","version":"6040"}
2025-09-05 02:00:02 INFO [electron]   "date 240"
2025-09-05 02:00:02 INFO [electron]   {"platform":"electron","os":"linux","device":"Linux x64","name":"mobi","version":"6040","id":"68ba7c6225ea5334b496330b","channel":"website","campaign":"","websocket":""}
2025-09-05 02:00:02 INFO [electron]   "init main window"
2025-09-05 02:00:03 INFO [electron]   "init"
2025-09-05 02:00:03 INFO [electron]   "init menu"
2025-09-05 02:00:03 INFO [electron]   "init update service"
2025-09-05 02:00:03 INFO [electron]   "init notification"
2025-09-05 02:00:03 INFO [electron]   "init tray"
2025-09-05 02:00:03 INFO [electron]   "fetch get begin https://api.ticktick.com/api/v2/user/profile"
2025-09-05 02:00:03 INFO [electron]   "token undefined"
2025-09-05 02:00:03 INFO [electron]   "token undefined"
2025-09-05 02:00:03 INFO [electron]   "launchLogin login"
2025-09-05 02:00:03 INFO [electron]   "loginWindow, dom-ready"
2025-09-05 02:00:06 INFO [electron]   {"id":"68ba7c6225ea5334b496330b","platform":"electron","ver":"6040","channel":"website","os":"linux","osv":"","device":"Linux x64","name":"mobi","campaign":"","websocket":"","ctime":"2025-09-05T06:00:02.000+0000","atime":"2025-09-05T06:00:02.000+0000","userCode":"","hl":"en_US","tz":"America/Toronto","locale":"en-US"}
2025-09-05 02:00:06 INFO [electron]   "fetch post begin https://xapi.ticktick.com/datacollect/event/push"
2025-09-05 02:00:06 INFO [electron]   "token undefined"
2025-09-05 02:00:06 INFO [electron]   "get end https://api.ticktick.com/api/v2/user/profile"
2025-09-05 02:00:07 INFO [electron]   "post end https://xapi.ticktick.com/datacollect/event/push"
2025-09-05 02:00:08 INFO [electron]   "before-quit"
2025-09-05 02:00:08 INFO [electron]   "mainWindow-close"
2025-09-05 02:00:08 INFO [electron]   "loginWindow-close"
2025-09-05 02:00:08 INFO [electron]   "will-quit"
2025-09-05 02:00:08 INFO [electron]   "quittttt"
2025-09-05 02:00:12 INFO [electron]   "init store"
2025-09-05 02:00:12 INFO [electron]   "init request"
2025-09-05 02:00:12 INFO [electron]   "init i18n"
2025-09-05 02:00:12 INFO [electron]   {"updater":{"downloadUrl":"https://appest-public.s3.amazonaws.com/download/linux/","delay":2000,"interval":600000},"apk_version":"6.0.40","product_mode":true,"package_mode":false,"is_cn_site":false,"cdn_domain":"d107mjio2rjf74.cloudfront.net/web","site_domain":"ticktick.com","ex_api_domain":"ext.ticktick.com","api_domain":"api.ticktick.com","cookie_domain":".ticktick.com","protocol":"https://","help_domain":"help.ticktick.com","support_api_domain":"ticket.ticktick.com","deploy_path":"/task/src/main/webapp/static/deploy","version":"6040"}
2025-09-05 02:00:12 INFO [electron]   "timezone America/Toronto"
2025-09-05 02:00:12 INFO [electron]   "date 240"
2025-09-05 02:00:12 INFO [electron]   {"platform":"electron","os":"linux","device":"Linux x64","name":"mobi","version":"6040","id":"68ba7c6225ea5334b496330b","channel":"website","campaign":"","websocket":""}
2025-09-05 02:00:12 INFO [electron]   "init main window"
2025-09-05 02:00:12 INFO [electron]   "init"
2025-09-05 02:00:12 INFO [electron]   "init menu"
2025-09-05 02:00:12 INFO [electron]   "init update service"
2025-09-05 02:00:12 INFO [electron]   "init notification"
2025-09-05 02:00:12 INFO [electron]   "init tray"
2025-09-05 02:00:12 INFO [electron]   "fetch get begin https://api.ticktick.com/api/v2/user/profile"
2025-09-05 02:00:12 INFO [electron]   "token undefined"
2025-09-05 02:00:12 INFO [electron]   "token undefined"
2025-09-05 02:00:12 INFO [electron]   "launchLogin login"
2025-09-05 02:00:12 INFO [electron]   "loginWindow, dom-ready"
2025-09-05 02:00:15 INFO [electron]   {"id":"68ba7c6225ea5334b496330b","platform":"electron","ver":"6040","channel":"website","os":"linux","osv":"","device":"Linux x64","name":"mobi","campaign":"","websocket":"","ctime":"2025-09-05T06:00:12.000+0000","atime":"2025-09-05T06:00:12.000+0000","userCode":"","hl":"en_US","tz":"America/Toronto","locale":"en-US"}
2025-09-05 02:00:15 INFO [electron]   "fetch post begin https://xapi.ticktick.com/datacollect/event/push"
2025-09-05 02:00:15 INFO [electron]   "token undefined"
2025-09-05 02:00:15 INFO [electron]   "get end https://api.ticktick.com/api/v2/user/profile"
2025-09-05 02:00:16 INFO [electron]   "post end https://xapi.ticktick.com/datacollect/event/push"
2025-09-05 02:00:22 INFO [electron]   "login: 0CAB80045A64122B7F57D7BED347F080445C111218CB2A1F9EB3203A2EFD664E15C9A722FFA7A6188A0D51BB1021A2A953D2501ED75F4C5A2BE2608FDFA73B632E6DB44841AEB38852ADBAD3CC336327BF10F9AD98ED8B79D0434BDC66215EF510FDCCA3D015069DF56404D51F731C2E711F9CAEDB90785858CAD9E5CECB0A9E10FDCCA3D015069DC21D524BC5BC690C72D55158A612474FD97DE96298EE7C29F00604FEF7D1EA345B608FF20830BF87"
2025-09-05 02:00:22 INFO [electron]   "fetch get begin https://api.ticktick.com/api/v2/user/status"
2025-09-05 02:00:22 INFO [electron]   "token 0CAB80045A64122B7F57D7BED347F080445C111218CB2A1F9EB3203A2EFD664E15C9A722FFA7A6188A0D51BB1021A2A953D2501ED75F4C5A2BE2608FDFA73B632E6DB44841AEB38852ADBAD3CC336327BF10F9AD98ED8B79D0434BDC66215EF510FDCCA3D015069DF56404D51F731C2E711F9CAEDB90785858CAD9E5CECB0A9E10FDCCA3D015069DC21D524BC5BC690C72D55158A612474FD97DE96298EE7C29F00604FEF7D1EA345B608FF20830BF87"
2025-09-05 02:00:22 INFO [electron]   "update userInfo {\"inboxId\":\"inbox122359184\",\"username\":\"ian.lapierre@live.ca\",\"pro\":true,\"teamUser\":false,\"ds\":false,\"proEndDate\":\"2025-09-27T13:58:46.000+0000\",\"userId\":\"122359184\"}"
2025-09-05 02:00:22 INFO [electron]   "token 0CAB80045A64122B7F57D7BED347F080445C111218CB2A1F9EB3203A2EFD664E15C9A722FFA7A6188A0D51BB1021A2A953D2501ED75F4C5A2BE2608FDFA73B632E6DB44841AEB38852ADBAD3CC336327BF10F9AD98ED8B79D0434BDC66215EF510FDCCA3D015069DF56404D51F731C2E711F9CAEDB90785858CAD9E5CECB0A9E10FDCCA3D015069DC21D524BC5BC690C72D55158A612474FD97DE96298EE7C29F00604FEF7D1EA345B608FF20830BF87"
2025-09-05 02:00:22 INFO [electron]   "fetch get begin https://api.ticktick.com/api/v2/user/profile"
2025-09-05 02:00:22 INFO [electron]   "token 0CAB80045A64122B7F57D7BED347F080445C111218CB2A1F9EB3203A2EFD664E15C9A722FFA7A6188A0D51BB1021A2A953D2501ED75F4C5A2BE2608FDFA73B632E6DB44841AEB38852ADBAD3CC336327BF10F9AD98ED8B79D0434BDC66215EF510FDCCA3D015069DF56404D51F731C2E711F9CAEDB90785858CAD9E5CECB0A9E10FDCCA3D015069DC21D524BC5BC690C72D55158A612474FD97DE96298EE7C29F00604FEF7D1EA345B608FF20830BF87"
2025-09-05 02:00:22 INFO [electron]   "launchLogin main"
2025-09-05 02:00:22 INFO [electron]   "fetch get begin https://api.ticktick.com/api/v2/user/status"
2025-09-05 02:00:22 INFO [electron]   "token 0CAB80045A64122B7F57D7BED347F080445C111218CB2A1F9EB3203A2EFD664E15C9A722FFA7A6188A0D51BB1021A2A953D2501ED75F4C5A2BE2608FDFA73B632E6DB44841AEB38852ADBAD3CC336327BF10F9AD98ED8B79D0434BDC66215EF510FDCCA3D015069DF56404D51F731C2E711F9CAEDB90785858CAD9E5CECB0A9E10FDCCA3D015069DC21D524BC5BC690C72D55158A612474FD97DE96298EE7C29F00604FEF7D1EA345B608FF20830BF87"
2025-09-05 02:00:22 INFO [electron]   "get end https://api.ticktick.com/api/v2/user/status"
2025-09-05 02:00:22 INFO [electron]   {"id":"68ba7c6225ea5334b496330b","platform":"electron","ver":"6040","channel":"website","os":"linux","osv":"","device":"Linux x64","name":"mobi","campaign":"","websocket":"","ctime":"2025-09-05T06:00:22.000+0000","atime":"2025-09-05T06:00:22.000+0000","userCode":"b8ef871620bc45dca57c2866617ee3a7","hl":"en_US","tz":"America/Toronto","locale":"en-US"}
2025-09-05 02:00:22 INFO [electron]   "fetch post begin https://xapi.ticktick.com/datacollect/event/push"
2025-09-05 02:00:22 INFO [electron]   "token 0CAB80045A64122B7F57D7BED347F080445C111218CB2A1F9EB3203A2EFD664E15C9A722FFA7A6188A0D51BB1021A2A953D2501ED75F4C5A2BE2608FDFA73B632E6DB44841AEB38852ADBAD3CC336327BF10F9AD98ED8B79D0434BDC66215EF510FDCCA3D015069DF56404D51F731C2E711F9CAEDB90785858CAD9E5CECB0A9E10FDCCA3D015069DC21D524BC5BC690C72D55158A612474FD97DE96298EE7C29F00604FEF7D1EA345B608FF20830BF87"
2025-09-05 02:00:22 INFO [electron]   "update userInfo {\"inboxId\":\"inbox122359184\",\"username\":\"ian.lapierre@live.ca\",\"pro\":true,\"teamUser\":false,\"ds\":false,\"proEndDate\":\"2025-09-27T13:58:46.000+0000\",\"userId\":\"122359184\"}"
2025-09-05 02:00:22 INFO [electron]   "get end https://api.ticktick.com/api/v2/user/profile"
2025-09-05 02:00:22 INFO [electron]   "get end https://api.ticktick.com/api/v2/user/status"
2025-09-05 02:00:22 INFO [electron]   "globalUser {\"inboxId\":\"inbox122359184\",\"username\":\"ian.lapierre@live.ca\",\"pro\":true,\"teamUser\":false,\"ds\":false,\"proEndDate\":\"2025-09-27T13:58:46.000+0000\",\"userId\":\"122359184\"}"
2025-09-05 02:00:22 INFO [electron]   "locale en_US"
2025-09-05 02:00:23 INFO [electron]   "post end https://xapi.ticktick.com/datacollect/event/push"
2025-09-05 02:00:24 INFO [electron]   "main-dom-ready"
2025-09-05 02:00:25 INFO [electron]   "update check"
2025-09-05 02:00:25 INFO [electron]   "fetch getFile begin https://pull.ticktick.com/linux/release_note.json?timeStamp=1757052025945"
2025-09-05 02:00:26 INFO [electron]   "getFile end https://pull.ticktick.com/linux/release_note.json?timeStamp=1757052025945"
2025-09-05 02:04:58 INFO [electron]   "before-quit"
2025-09-05 02:04:58 INFO [electron]   "mainWindow-close"
